2026-04-04 12:29:44,098 - ERROR - Extraction failed for resumes_to_process\Screenshot_4-4-2026_122912_.jpeg: C:\Program Files\Tesseract-OCR\tesseract.exe is not installed or it's not in your PATH. See README file for more information.
2026-04-04 16:05:00,941 - WARNING - Using CPU. Note: This module is much faster with a GPU.
2026-04-04 16:05:00,941 - WARNING - Using CPU. Note: This module is much faster with a GPU.
2026-04-04 16:05:00,945 - WARNING - Downloading detection model, please wait. This may take several minutes depending upon your network connection.
2026-04-04 16:05:00,945 - WARNING - Downloading detection model, please wait. This may take several minutes depending upon your network connection.
2026-04-04 16:05:32,757 - CRITICAL - Exception in initializer:
Traceback (most recent call last):
  File "C:\Python313\Lib\concurrent\futures\process.py", line 233, in _process_worker
    initializer(*initargs)
    ~~~~~~~~~~~^^^^^^^^^^^
  File "D:\office\days\day4\ats_backend_system\main.py", line 41, in init_worker
    global_ocr_reader = easyocr.Reader(['en'], gpu=False)
  File "D:\office\days\day4\ats_backend_system\venv\Lib\site-packages\easyocr\easyocr.py", line 92, in __init__
    detector_path = self.getDetectorPath(detect_network)
  File "D:\office\days\day4\ats_backend_system\venv\Lib\site-packages\easyocr\easyocr.py", line 253, in getDetectorPath
    download_and_unzip(self.detection_models[self.detect_network]['url'], self.detection_models[self.detect_network]['filename'], self.model_storage_directory, self.verbose)
    ~~~~~~~~~~~~~~~~~~^^^^^^^^^^^^^^^^^^^^^^^^^^^^^^^^^^^^^^^^^^^^^^^^^^^^^^^^^^^^^^^^^^^^^^^^^^^^^^^^^^^^^^^^^^^^^^^^^^^^^^^^^^^^^^^^^^^^^^^^^^^^^^^^^^^^^^^^^^^^^^^^^^^^^^^
  File "D:\office\days\day4\ats_backend_system\venv\Lib\site-packages\easyocr\utils.py", line 631, in download_and_unzip
    os.remove(zip_path)
    ~~~~~~~~~^^^^^^^^^^
PermissionError: [WinError 32] The process cannot access the file because it is being used by another process: 'C:\\Users\\This pc/.EasyOCR//model\\temp.zip'
2026-04-04 16:05:39,617 - INFO - Download complete
2026-04-04 16:05:39,617 - WARNING - Downloading recognition model, please wait. This may take several minutes depending upon your network connection.
2026-04-04 16:05:41,630 - INFO - Download complete.
2026-04-04 16:22:05,977 - WARNING - Using CPU. Note: This module is much faster with a GPU.
2026-04-04 16:28:44,546 - WARNING - Using CPU. Note: This module is much faster with a GPU.
2026-04-04 16:40:50,176 - WARNING - Using CPU. Note: This module is much faster with a GPU.
2026-04-04 16:46:26,152 - WARNING - Using CPU. Note: This module is much faster with a GPU.
2026-04-04 16:55:35,096 - WARNING - Using CPU. Note: This module is much faster with a GPU.
2026-04-04 17:14:16,687 - WARNING - Using CPU. Note: This module is much faster with a GPU.
2026-04-04 17:22:41,564 - WARNING - Using CPU. Note: This module is much faster with a GPU.
2026-04-04 17:33:46,747 - WARNING - Using CPU. Note: This module is much faster with a GPU.
2026-04-04 17:43:30,773 - WARNING - Using CPU. Note: This module is much faster with a GPU.
2026-04-04 17:49:14,862 - WARNING - Using CPU. Note: This module is much faster with a GPU.
2026-04-04 17:57:54,186 - WARNING - Using CPU. Note: This module is much faster with a GPU.
2026-04-04 18:04:32,689 - WARNING - Using CPU. Note: This module is much faster with a GPU.
2026-04-06 09:54:57,362 - WARNING - Using CPU. Note: This module is much faster with a GPU.
2026-04-06 16:52:01,764 - WARNING - Using CPU. Note: This module is much faster with a GPU.
2026-04-06 16:53:28,112 - WARNING - Using CPU. Note: This module is much faster with a GPU.
2026-04-06 16:54:05,147 - WARNING - Using CPU. Note: This module is much faster with a GPU.
2026-04-06 17:06:02,406 - WARNING - Using CPU. Note: This module is much faster with a GPU.
2026-04-06 18:53:30,530 - WARNING - Using CPU. Note: This module is much faster with a GPU.
2026-04-06 18:59:45,119 - WARNING - Using CPU. Note: This module is much faster with a GPU.
2026-04-06 19:05:06,719 - WARNING - Using CPU. Note: This module is much faster with a GPU.
2026-04-06 19:21:16,835 - WARNING - Using CPU. Note: This module is much faster with a GPU.
2026-04-06 19:32:34,730 - WARNING - Using CPU. Note: This module is much faster with a GPU.
2026-04-06 19:42:35,819 - WARNING - Using CPU. Note: This module is much faster with a GPU.
2026-04-07 10:08:31,416 - WARNING - Using CPU. Note: This module is much faster with a GPU.
2026-04-07 17:34:50,158 - WARNING - Using CPU. Note: This module is much faster with a GPU.
2026-04-13 11:37:24,632 - WARNING - Using CPU. Note: This module is much faster with a GPU.
2026-04-13 12:07:43,358 - WARNING - Using CPU. Note: This module is much faster with a GPU.
2026-04-13 12:24:07,142 - WARNING - Using CPU. Note: This module is much faster with a GPU.
2026-04-13 13:20:22,358 - WARNING - Using CPU. Note: This module is much faster with a GPU.
2026-04-13 16:31:21,594 - WARNING - Using CPU. Note: This module is much faster with a GPU.
2026-04-13 17:02:02,974 - WARNING - Using CPU. Note: This module is much faster with a GPU.
2026-04-14 09:30:29,637 - WARNING - Using CPU. Note: This module is much faster with a GPU.
2026-04-14 09:30:29,637 - WARNING - Using CPU. Note: This module is much faster with a GPU.
2026-04-14 09:30:58,039 - WARNING - Using CPU. Note: This module is much faster with a GPU.
